<?xml version="1.0" encoding="UTF-8"?>
<!-- Generated by org.testng.reporters.JUnitXMLReporter -->
<testsuite hostname="DESKTOP-T6D122N" ignored="0" name="AppiumJ" tests="1" failures="1" timestamp="20 Sep 2022 17:05:23 GMT" time="19.25" errors="0">
  <testcase name="apiumTest" time="3.694" classname="com.appium.AppiumBasics">
    <failure type="org.openqa.selenium.InvalidSelectorException" message="org.eclipse.wst.xml.xpath2.processor.XPathParserException: CUP parser error: Parser error: line 1 col 37: )
For documentation on this error, please visit: https://selenium.dev/exceptions/#invalid_selector_exception
Build info: version: &amp;apos;4.4.0&amp;apos;, revision: &amp;apos;e5c75ed026a&amp;apos;
System info: host: &amp;apos;DESKTOP-T6D122N&amp;apos;, ip: &amp;apos;192.168.1.35&amp;apos;, os.name: &amp;apos;Windows 10&amp;apos;, os.arch: &amp;apos;amd64&amp;apos;, os.version: &amp;apos;10.0&amp;apos;, java.version: &amp;apos;1.8.0_172&amp;apos;
Driver info: io.appium.java_client.android.AndroidDriver
Command: [c301d6ee-5e6b-4be9-be72-f0745385bf43, findElement {using=xpath, value=(//android.widget.RelativeLayout)[2])}]
Capabilities {appium:app: C:\Users\sony\AppiumJ\src\t..., appium:appPackage: io.appium.android.apis, appium:automationName: UIAutomator2, appium:databaseEnabled: false, appium:desired: {app: C:\Users\sony\AppiumJ\src\t..., automationName: UIAutomator2, deviceName: TestPhone, platformName: android}, appium:deviceApiLevel: 30, appium:deviceManufacturer: unknown, appium:deviceModel: Android SDK built for x86, appium:deviceName: emulator-5554, appium:deviceScreenDensity: 560, appium:deviceScreenSize: 1440x2880, appium:deviceUDID: emulator-5554, appium:javascriptEnabled: true, appium:locationContextEnabled: false, appium:networkConnectionEnabled: true, appium:pixelRatio: 3.5, appium:platformVersion: 11, appium:statBarHeight: 84, appium:takesScreenshot: true, appium:viewportRect: {height: 2628, left: 0, top: 84, width: 1440}, appium:warnings: {}, appium:webStorageEnabled: false, platformName: ANDROID}
Session ID: c301d6ee-5e6b-4be9-be72-f0745385bf43">
      <![CDATA[org.openqa.selenium.InvalidSelectorException: org.eclipse.wst.xml.xpath2.processor.XPathParserException: CUP parser error: Parser error: line 1 col 37: )
For documentation on this error, please visit: https://selenium.dev/exceptions/#invalid_selector_exception
Build info: version: '4.4.0', revision: 'e5c75ed026a'
System info: host: 'DESKTOP-T6D122N', ip: '192.168.1.35', os.name: 'Windows 10', os.arch: 'amd64', os.version: '10.0', java.version: '1.8.0_172'
Driver info: io.appium.java_client.android.AndroidDriver
Command: [c301d6ee-5e6b-4be9-be72-f0745385bf43, findElement {using=xpath, value=(//android.widget.RelativeLayout)[2])}]
Capabilities {appium:app: C:\Users\sony\AppiumJ\src\t..., appium:appPackage: io.appium.android.apis, appium:automationName: UIAutomator2, appium:databaseEnabled: false, appium:desired: {app: C:\Users\sony\AppiumJ\src\t..., automationName: UIAutomator2, deviceName: TestPhone, platformName: android}, appium:deviceApiLevel: 30, appium:deviceManufacturer: unknown, appium:deviceModel: Android SDK built for x86, appium:deviceName: emulator-5554, appium:deviceScreenDensity: 560, appium:deviceScreenSize: 1440x2880, appium:deviceUDID: emulator-5554, appium:javascriptEnabled: true, appium:locationContextEnabled: false, appium:networkConnectionEnabled: true, appium:pixelRatio: 3.5, appium:platformVersion: 11, appium:statBarHeight: 84, appium:takesScreenshot: true, appium:viewportRect: {height: 2628, left: 0, top: 84, width: 1440}, appium:warnings: {}, appium:webStorageEnabled: false, platformName: ANDROID}
Session ID: c301d6ee-5e6b-4be9-be72-f0745385bf43
at org.openqa.selenium.remote.codec.w3c.W3CHttpResponseCodec.createException(W3CHttpResponseCodec.java:200)
at org.openqa.selenium.remote.codec.w3c.W3CHttpResponseCodec.decode(W3CHttpResponseCodec.java:133)
at org.openqa.selenium.remote.codec.w3c.W3CHttpResponseCodec.decode(W3CHttpResponseCodec.java:53)
at org.openqa.selenium.remote.HttpCommandExecutor.execute(HttpCommandExecutor.java:184)
at io.appium.java_client.remote.AppiumCommandExecutor.execute(AppiumCommandExecutor.java:189)
at org.openqa.selenium.remote.RemoteWebDriver.execute(RemoteWebDriver.java:547)
at org.openqa.selenium.remote.ElementLocation$ElementFinder$2.findElement(ElementLocation.java:162)
at org.openqa.selenium.remote.ElementLocation.findElement(ElementLocation.java:60)
at org.openqa.selenium.remote.RemoteWebDriver.findElement(RemoteWebDriver.java:365)
at org.openqa.selenium.remote.RemoteWebDriver.findElement(RemoteWebDriver.java:357)
at com.appium.AppiumBasics.apiumTest(AppiumBasics.java:19)
at com.intellij.rt.testng.IDEARemoteTestNG.run(IDEARemoteTestNG.java:66)
at com.intellij.rt.testng.RemoteTestNGStarter.main(RemoteTestNGStarter.java:109)
... Removed 26 stack frames]]>
    </failure>
  </testcase> <!-- apiumTest -->
</testsuite> <!-- AppiumJ -->
